<?xml version="1.0" encoding="UTF-8"?>
<!-- Generated by org.testng.reporters.JUnitXMLReporter -->
<testsuite hostname="LAPTOP-0NL3KTLK" ignored="0" name="Test" tests="3" failures="0" timestamp="10 Dec 2017 18:15:20 GMT" time="78.971" errors="0">
  <testcase name="createLead" time="20.153" classname="testCases.CreateLeadWD"/>
  <testcase name="createLead" time="20.998" classname="testCases.CreateLeadWD"/>
  <testcase name="EditLead" time="7.99" classname="testCases.EditLeadWD"/>
</testsuite> <!-- Test -->
