<?xml version="1.0" encoding="UTF-8"?>
<testng-results skipped="0" failed="0" ignored="0" total="1" passed="1">
  <reporter-output>
  </reporter-output>
  <suite name="Default suite" duration-ms="439" started-at="2018-01-13T14:37:41Z" finished-at="2018-01-13T14:37:41Z">
    <groups>
    </groups>
    <test name="Default test" duration-ms="439" started-at="2018-01-13T14:37:41Z" finished-at="2018-01-13T14:37:41Z">
      <class name="selenium.learning.ReportGeneration">
        <test-method status="PASS" signature="sampleReports()[pri:0, instance:selenium.learning.ReportGeneration@6ba0ac]" name="sampleReports" duration-ms="420" started-at="2018-01-13T20:07:41Z" finished-at="2018-01-13T20:07:41Z">
          <reporter-output>
          </reporter-output>
        </test-method> <!-- sampleReports -->
      </class> <!-- selenium.learning.ReportGeneration -->
    </test> <!-- Default test -->
  </suite> <!-- Default suite -->
</testng-results>
