<?xml version="1.0" encoding="UTF-8"?>
<testng-results skipped="0" failed="0" ignored="0" total="3" passed="3">
  <reporter-output>
  </reporter-output>
  <suite name="Suite" duration-ms="78971" started-at="2017-12-10T18:14:01Z" finished-at="2017-12-10T18:15:20Z">
    <groups>
      <group name="smoke">
        <method signature="CreateLeadWD.createLead(java.lang.String, java.lang.String, java.lang.String, int, java.lang.String)[pri:0, instance:testCases.CreateLeadWD@9ba398]" name="createLead" class="testCases.CreateLeadWD"/>
        <method signature="EditLeadWD.EditLead(java.lang.String, java.lang.String)[pri:0, instance:testCases.EditLeadWD@17b4f4c]" name="EditLead" class="testCases.EditLeadWD"/>
      </group> <!-- smoke -->
    </groups>
    <test name="Test" duration-ms="78971" started-at="2017-12-10T18:14:01Z" finished-at="2017-12-10T18:15:20Z">
      <class name="testCases.CreateLeadWD">
        <test-method status="PASS" signature="login(java.lang.String, java.lang.String, java.lang.String, java.lang.String)[pri:0, instance:testCases.CreateLeadWD@9ba398]" name="login" is-config="true" duration-ms="9406" started-at="2017-12-10T23:44:01Z" finished-at="2017-12-10T23:44:11Z">
          <params>
            <param index="0">
              <value>
                <![CDATA[chrome]]>
              </value>
            </param>
            <param index="1">
              <value>
                <![CDATA[http://leaftaps.com/opentaps]]>
              </value>
            </param>
            <param index="2">
              <value>
                <![CDATA[DemoSalesManager]]>
              </value>
            </param>
            <param index="3">
              <value>
                <![CDATA[crmsfa]]>
              </value>
            </param>
          </params>
          <reporter-output>
          </reporter-output>
        </test-method> <!-- login -->
        <test-method status="PASS" signature="createLead(java.lang.String, java.lang.String, java.lang.String, int, java.lang.String)[pri:0, instance:testCases.CreateLeadWD@9ba398]" name="createLead" duration-ms="20153" started-at="2017-12-10T23:44:11Z" data-provider="fetchdata" finished-at="2017-12-10T23:44:31Z">
          <params>
            <param index="0">
              <value>
                <![CDATA[Infosys]]>
              </value>
            </param>
            <param index="1">
              <value>
                <![CDATA[firstName]]>
              </value>
            </param>
            <param index="2">
              <value>
                <![CDATA[lastName]]>
              </value>
            </param>
            <param index="3">
              <value>
                <![CDATA[9]]>
              </value>
            </param>
            <param index="4">
              <value>
                <![CDATA[Road and Track]]>
              </value>
            </param>
          </params>
          <reporter-output>
          </reporter-output>
        </test-method> <!-- createLead -->
        <test-method status="PASS" signature="close()[pri:0, instance:testCases.CreateLeadWD@9ba398]" name="close" is-config="true" duration-ms="966" started-at="2017-12-10T23:44:31Z" finished-at="2017-12-10T23:44:32Z">
          <reporter-output>
          </reporter-output>
        </test-method> <!-- close -->
        <test-method status="PASS" signature="login(java.lang.String, java.lang.String, java.lang.String, java.lang.String)[pri:0, instance:testCases.CreateLeadWD@9ba398]" name="login" is-config="true" duration-ms="8554" started-at="2017-12-10T23:44:32Z" finished-at="2017-12-10T23:44:40Z">
          <params>
            <param index="0">
              <value>
                <![CDATA[chrome]]>
              </value>
            </param>
            <param index="1">
              <value>
                <![CDATA[http://leaftaps.com/opentaps]]>
              </value>
            </param>
            <param index="2">
              <value>
                <![CDATA[DemoSalesManager]]>
              </value>
            </param>
            <param index="3">
              <value>
                <![CDATA[crmsfa]]>
              </value>
            </param>
          </params>
          <reporter-output>
          </reporter-output>
        </test-method> <!-- login -->
        <test-method status="PASS" signature="createLead(java.lang.String, java.lang.String, java.lang.String, int, java.lang.String)[pri:0, instance:testCases.CreateLeadWD@9ba398]" name="createLead" duration-ms="20998" started-at="2017-12-10T23:44:40Z" data-provider="fetchdata" finished-at="2017-12-10T23:45:01Z">
          <params>
            <param index="0">
              <value>
                <![CDATA[Infosys]]>
              </value>
            </param>
            <param index="1">
              <value>
                <![CDATA[firstName1]]>
              </value>
            </param>
            <param index="2">
              <value>
                <![CDATA[lastName1]]>
              </value>
            </param>
            <param index="3">
              <value>
                <![CDATA[9]]>
              </value>
            </param>
            <param index="4">
              <value>
                <![CDATA[Automobile]]>
              </value>
            </param>
          </params>
          <reporter-output>
          </reporter-output>
        </test-method> <!-- createLead -->
        <test-method status="PASS" signature="close()[pri:0, instance:testCases.CreateLeadWD@9ba398]" name="close" is-config="true" duration-ms="876" started-at="2017-12-10T23:45:01Z" finished-at="2017-12-10T23:45:02Z">
          <reporter-output>
          </reporter-output>
        </test-method> <!-- close -->
      </class> <!-- testCases.CreateLeadWD -->
      <class name="testCases.EditLeadWD">
        <test-method status="PASS" signature="login(java.lang.String, java.lang.String, java.lang.String, java.lang.String)[pri:0, instance:testCases.EditLeadWD@17b4f4c]" name="login" is-config="true" duration-ms="9165" started-at="2017-12-10T23:45:02Z" finished-at="2017-12-10T23:45:11Z">
          <params>
            <param index="0">
              <value>
                <![CDATA[chrome]]>
              </value>
            </param>
            <param index="1">
              <value>
                <![CDATA[http://leaftaps.com/opentaps]]>
              </value>
            </param>
            <param index="2">
              <value>
                <![CDATA[DemoSalesManager]]>
              </value>
            </param>
            <param index="3">
              <value>
                <![CDATA[crmsfa]]>
              </value>
            </param>
          </params>
          <reporter-output>
          </reporter-output>
        </test-method> <!-- login -->
        <test-method status="PASS" signature="EditLead(java.lang.String, java.lang.String)[pri:0, instance:testCases.EditLeadWD@17b4f4c]" name="EditLead" duration-ms="7990" started-at="2017-12-10T23:45:11Z" data-provider="fetchData" finished-at="2017-12-10T23:45:19Z">
          <params>
            <param index="0">
              <value>
                <![CDATA[firstName]]>
              </value>
            </param>
            <param index="1">
              <value>
                <![CDATA[Bajaj]]>
              </value>
            </param>
          </params>
          <reporter-output>
          </reporter-output>
        </test-method> <!-- EditLead -->
        <test-method status="PASS" signature="close()[pri:0, instance:testCases.EditLeadWD@17b4f4c]" name="close" is-config="true" duration-ms="828" started-at="2017-12-10T23:45:19Z" finished-at="2017-12-10T23:45:20Z">
          <reporter-output>
          </reporter-output>
        </test-method> <!-- close -->
      </class> <!-- testCases.EditLeadWD -->
    </test> <!-- Test -->
  </suite> <!-- Suite -->
</testng-results>
